<?xml version="1.0" encoding="UTF-8"?>
<testsuite xmlns:xsi="http://www.w3.org/2001/XMLSchema-instance" xsi:noNamespaceSchemaLocation="https://maven.apache.org/surefire/maven-surefire-plugin/xsd/surefire-test-report.xsd" name="com.souche.AppTest" time="0.06" tests="1" errors="0" skipped="0" failures="0">
  <properties>
    <property name="gopherProxySet" value="false"/>
    <property name="awt.toolkit" value="sun.lwawt.macosx.LWCToolkit"/>
    <property name="file.encoding.pkg" value="sun.io"/>
    <property name="java.specification.version" value="1.8"/>
    <property name="sun.cpu.isalist" value=""/>
    <property name="sun.jnu.encoding" value="UTF-8"/>
    <property name="java.class.path" value="/Users/shichao/work/sql-analysis/target/test-classes:/Users/shichao/work/sql-analysis/target/classes:/Users/shichao/.m2/repository/com/souche/optimus-core/1.5.3/optimus-core-1.5.3.jar:/Users/shichao/.m2/repository/com/souche/optimus-remoting-monitor/1.5.3/optimus-remoting-monitor-1.5.3.jar:/Users/shichao/.m2/repository/org/apache/httpcomponents/httpclient/4.4.1/httpclient-4.4.1.jar:/Users/shichao/.m2/repository/org/apache/httpcomponents/httpcore/4.4.1/httpcore-4.4.1.jar:/Users/shichao/.m2/repository/com/alibaba/transmittable-thread-local/2.2.0/transmittable-thread-local-2.2.0.jar:/Users/shichao/.m2/repository/com/alibaba/fastjson/1.2.29/fastjson-1.2.29.jar:/Users/shichao/.m2/repository/com/wordnik/swagger-annotations/1.3.11/swagger-annotations-1.3.11.jar:/Users/shichao/.m2/repository/com/souche/optimus-cache/1.5.3/optimus-cache-1.5.3.jar:/Users/shichao/.m2/repository/net/spy/spymemcached/2.11.4/spymemcached-2.11.4.jar:/Users/shichao/.m2/repository/org/springframework/data/spring-data-redis/1.7.2.RELEASE/spring-data-redis-1.7.2.RELEASE.jar:/Users/shichao/.m2/repository/org/springframework/data/spring-data-keyvalue/1.1.2.RELEASE/spring-data-keyvalue-1.1.2.RELEASE.jar:/Users/shichao/.m2/repository/org/springframework/data/spring-data-commons/1.12.2.RELEASE/spring-data-commons-1.12.2.RELEASE.jar:/Users/shichao/.m2/repository/org/springframework/spring-oxm/4.2.6.RELEASE/spring-oxm-4.2.6.RELEASE.jar:/Users/shichao/.m2/repository/org/slf4j/jcl-over-slf4j/1.7.21/jcl-over-slf4j-1.7.21.jar:/Users/shichao/.m2/repository/redis/clients/jedis/2.9.0/jedis-2.9.0.jar:/Users/shichao/.m2/repository/org/apache/commons/commons-pool2/2.4.2/commons-pool2-2.4.2.jar:/Users/shichao/.m2/repository/com/googlecode/xmemcached/xmemcached/2.4.2/xmemcached-2.4.2.jar:/Users/shichao/.m2/repository/com/souche/optimus-upload/1.5.3/optimus-upload-1.5.3.jar:/Users/shichao/.m2/repository/com/aliyun/oss/aliyun-sdk-oss/2.5.0/aliyun-sdk-oss-2.5.0.jar:/Users/shichao/.m2/repository/org/jdom/jdom/1.1/jdom-1.1.jar:/Users/shichao/.m2/repository/net/sf/json-lib/json-lib/2.4/json-lib-2.4-jdk15.jar:/Users/shichao/.m2/repository/net/sf/ezmorph/ezmorph/1.0.6/ezmorph-1.0.6.jar:/Users/shichao/.m2/repository/org/springframework/spring-webmvc/4.3.2.RELEASE/spring-webmvc-4.3.2.RELEASE.jar:/Users/shichao/.m2/repository/org/springframework/spring-orm/4.3.2.RELEASE/spring-orm-4.3.2.RELEASE.jar:/Users/shichao/.m2/repository/org/springframework/spring-web/4.3.2.RELEASE/spring-web-4.3.2.RELEASE.jar:/Users/shichao/.m2/repository/taglibs/standard/1.1.2/standard-1.1.2.jar:/Users/shichao/.m2/repository/commons-fileupload/commons-fileupload/1.3.1/commons-fileupload-1.3.1.jar:/Users/shichao/.m2/repository/cglib/cglib-nodep/2.2.2/cglib-nodep-2.2.2.jar:/Users/shichao/.m2/repository/org/apache/velocity/velocity-tools/2.0/velocity-tools-2.0.jar:/Users/shichao/.m2/repository/commons-chain/commons-chain/1.1/commons-chain-1.1.jar:/Users/shichao/.m2/repository/commons-validator/commons-validator/1.3.1/commons-validator-1.3.1.jar:/Users/shichao/.m2/repository/dom4j/dom4j/1.1/dom4j-1.1.jar:/Users/shichao/.m2/repository/oro/oro/2.0.8/oro-2.0.8.jar:/Users/shichao/.m2/repository/sslext/sslext/1.2-0/sslext-1.2-0.jar:/Users/shichao/.m2/repository/org/apache/struts/struts-core/1.3.8/struts-core-1.3.8.jar:/Users/shichao/.m2/repository/antlr/antlr/2.7.2/antlr-2.7.2.jar:/Users/shichao/.m2/repository/org/apache/struts/struts-taglib/1.3.8/struts-taglib-1.3.8.jar:/Users/shichao/.m2/repository/org/apache/struts/struts-tiles/1.3.8/struts-tiles-1.3.8.jar:/Users/shichao/.m2/repository/com/souche/optimus-orm/1.5.3/optimus-orm-1.5.3.jar:/Users/shichao/.m2/repository/org/postgresql/postgresql/9.4.1208.jre7/postgresql-9.4.1208.jre7.jar:/Users/shichao/.m2/repository/org/springframework/spring-tx/4.3.2.RELEASE/spring-tx-4.3.2.RELEASE.jar:/Users/shichao/.m2/repository/org/springframework/spring-jdbc/4.3.2.RELEASE/spring-jdbc-4.3.2.RELEASE.jar:/Users/shichao/.m2/repository/com/alibaba/druid/druid-wrapper/0.2.9/druid-wrapper-0.2.9.jar:/Users/shichao/.m2/repository/com/alibaba/druid/1.1.9/druid-1.1.9.jar:/Users/shichao/.m2/repository/org/mybatis/souche-mybatis/3.2.8.mod.1.5.4/souche-mybatis-3.2.8.mod.1.5.4.jar:/Users/shichao/.m2/repository/org/mybatis/mybatis-spring/1.2.2/mybatis-spring-1.2.2.jar:/Users/shichao/.m2/repository/mysql/mysql-connector-java/5.1.31/mysql-connector-java-5.1.31.jar:/Users/shichao/.m2/repository/com/souche/optimus-common/1.5.3/optimus-common-1.5.3.jar:/Users/shichao/.m2/repository/ch/qos/logback/logback-classic/1.1.7/logback-classic-1.1.7.jar:/Users/shichao/.m2/repository/ch/qos/logback/logback-core/1.1.7/logback-core-1.1.7.jar:/Users/shichao/.m2/repository/org/slf4j/slf4j-api/1.7.20/slf4j-api-1.7.20.jar:/Users/shichao/.m2/repository/com/google/guava/guava/15.0/guava-15.0.jar:/Users/shichao/.m2/repository/commons-beanutils/commons-beanutils/1.8.3/commons-beanutils-1.8.3.jar:/Users/shichao/.m2/repository/commons-lang/commons-lang/2.4/commons-lang-2.4.jar:/Users/shichao/.m2/repository/org/apache/commons/commons-lang3/3.3.2/commons-lang3-3.3.2.jar:/Users/shichao/.m2/repository/com/google/code/gson/gson/2.6.1/gson-2.6.1.jar:/Users/shichao/.m2/repository/org/apache/httpcomponents/fluent-hc/4.2.5/fluent-hc-4.2.5.jar:/Users/shichao/.m2/repository/com/belerweb/pinyin4j/2.5.0/pinyin4j-2.5.0.jar:/Users/shichao/.m2/repository/com/souche/qrcode/1.0.0/qrcode-1.0.0.jar:/Users/shichao/.m2/repository/com/souche/thirdpart/jmagick/6.2.6/jmagick-6.2.6.jar:/Users/shichao/.m2/repository/org/springframework/spring-beans/4.3.2.RELEASE/spring-beans-4.3.2.RELEASE.jar:/Users/shichao/.m2/repository/org/apache/poi/poi/3.11-beta2/poi-3.11-beta2.jar:/Users/shichao/.m2/repository/commons-codec/commons-codec/1.9/commons-codec-1.9.jar:/Users/shichao/.m2/repository/org/apache/poi/poi-ooxml/3.11-beta2/poi-ooxml-3.11-beta2.jar:/Users/shichao/.m2/repository/org/apache/poi/poi-ooxml-schemas/3.11-beta2/poi-ooxml-schemas-3.11-beta2.jar:/Users/shichao/.m2/repository/org/apache/xmlbeans/xmlbeans/2.6.0/xmlbeans-2.6.0.jar:/Users/shichao/.m2/repository/stax/stax-api/1.0.1/stax-api-1.0.1.jar:/Users/shichao/.m2/repository/org/aspectj/aspectjrt/1.9.2/aspectjrt-1.9.2.jar:/Users/shichao/.m2/repository/org/aspectj/aspectjweaver/1.9.2/aspectjweaver-1.9.2.jar:/Users/shichao/.m2/repository/junit/junit/4.11/junit-4.11.jar:/Users/shichao/.m2/repository/org/hamcrest/hamcrest-core/1.3/hamcrest-core-1.3.jar:/Users/shichao/.m2/repository/org/springframework/spring-context/5.1.5.RELEASE/spring-context-5.1.5.RELEASE.jar:/Users/shichao/.m2/repository/org/springframework/spring-core/5.1.5.RELEASE/spring-core-5.1.5.RELEASE.jar:/Users/shichao/.m2/repository/org/springframework/spring-jcl/5.1.5.RELEASE/spring-jcl-5.1.5.RELEASE.jar:/Users/shichao/.m2/repository/org/springframework/spring-expression/5.1.5.RELEASE/spring-expression-5.1.5.RELEASE.jar:/Users/shichao/.m2/repository/org/springframework/spring-aop/5.1.5.RELEASE/spring-aop-5.1.5.RELEASE.jar:/Users/shichao/.m2/repository/org/springframework/spring-test/5.1.5.RELEASE/spring-test-5.1.5.RELEASE.jar:"/>
    <property name="java.vm.vendor" value="Oracle Corporation"/>
    <property name="sun.arch.data.model" value="64"/>
    <property name="java.vendor.url" value="http://java.oracle.com/"/>
    <property name="user.timezone" value=""/>
    <property name="java.vm.specification.version" value="1.8"/>
    <property name="os.name" value="Mac OS X"/>
    <property name="user.country" value="CN"/>
    <property name="sun.java.launcher" value="SUN_STANDARD"/>
    <property name="sun.boot.library.path" value="/Library/Java/JavaVirtualMachines/jdk1.8.0_161.jdk/Contents/Home/jre/lib"/>
    <property name="sun.java.command" value="/Users/shichao/work/sql-analysis/target/surefire/surefirebooter230871350012601511.jar /Users/shichao/work/sql-analysis/target/surefire 2019-07-09T16-20-16_956-jvmRun1 surefire5727279242166285270tmp surefire_03637763876789177951tmp"/>
    <property name="http.nonProxyHosts" value="local„ÄÅ169.254/16|*.local„ÄÅ169.254/16"/>
    <property name="surefire.test.class.path" value="/Users/shichao/work/sql-analysis/target/test-classes:/Users/shichao/work/sql-analysis/target/classes:/Users/shichao/.m2/repository/com/souche/optimus-core/1.5.3/optimus-core-1.5.3.jar:/Users/shichao/.m2/repository/com/souche/optimus-remoting-monitor/1.5.3/optimus-remoting-monitor-1.5.3.jar:/Users/shichao/.m2/repository/org/apache/httpcomponents/httpclient/4.4.1/httpclient-4.4.1.jar:/Users/shichao/.m2/repository/org/apache/httpcomponents/httpcore/4.4.1/httpcore-4.4.1.jar:/Users/shichao/.m2/repository/com/alibaba/transmittable-thread-local/2.2.0/transmittable-thread-local-2.2.0.jar:/Users/shichao/.m2/repository/com/alibaba/fastjson/1.2.29/fastjson-1.2.29.jar:/Users/shichao/.m2/repository/com/wordnik/swagger-annotations/1.3.11/swagger-annotations-1.3.11.jar:/Users/shichao/.m2/repository/com/souche/optimus-cache/1.5.3/optimus-cache-1.5.3.jar:/Users/shichao/.m2/repository/net/spy/spymemcached/2.11.4/spymemcached-2.11.4.jar:/Users/shichao/.m2/repository/org/springframework/data/spring-data-redis/1.7.2.RELEASE/spring-data-redis-1.7.2.RELEASE.jar:/Users/shichao/.m2/repository/org/springframework/data/spring-data-keyvalue/1.1.2.RELEASE/spring-data-keyvalue-1.1.2.RELEASE.jar:/Users/shichao/.m2/repository/org/springframework/data/spring-data-commons/1.12.2.RELEASE/spring-data-commons-1.12.2.RELEASE.jar:/Users/shichao/.m2/repository/org/springframework/spring-oxm/4.2.6.RELEASE/spring-oxm-4.2.6.RELEASE.jar:/Users/shichao/.m2/repository/org/slf4j/jcl-over-slf4j/1.7.21/jcl-over-slf4j-1.7.21.jar:/Users/shichao/.m2/repository/redis/clients/jedis/2.9.0/jedis-2.9.0.jar:/Users/shichao/.m2/repository/org/apache/commons/commons-pool2/2.4.2/commons-pool2-2.4.2.jar:/Users/shichao/.m2/repository/com/googlecode/xmemcached/xmemcached/2.4.2/xmemcached-2.4.2.jar:/Users/shichao/.m2/repository/com/souche/optimus-upload/1.5.3/optimus-upload-1.5.3.jar:/Users/shichao/.m2/repository/com/aliyun/oss/aliyun-sdk-oss/2.5.0/aliyun-sdk-oss-2.5.0.jar:/Users/shichao/.m2/repository/org/jdom/jdom/1.1/jdom-1.1.jar:/Users/shichao/.m2/repository/net/sf/json-lib/json-lib/2.4/json-lib-2.4-jdk15.jar:/Users/shichao/.m2/repository/net/sf/ezmorph/ezmorph/1.0.6/ezmorph-1.0.6.jar:/Users/shichao/.m2/repository/org/springframework/spring-webmvc/4.3.2.RELEASE/spring-webmvc-4.3.2.RELEASE.jar:/Users/shichao/.m2/repository/org/springframework/spring-orm/4.3.2.RELEASE/spring-orm-4.3.2.RELEASE.jar:/Users/shichao/.m2/repository/org/springframework/spring-web/4.3.2.RELEASE/spring-web-4.3.2.RELEASE.jar:/Users/shichao/.m2/repository/taglibs/standard/1.1.2/standard-1.1.2.jar:/Users/shichao/.m2/repository/commons-fileupload/commons-fileupload/1.3.1/commons-fileupload-1.3.1.jar:/Users/shichao/.m2/repository/cglib/cglib-nodep/2.2.2/cglib-nodep-2.2.2.jar:/Users/shichao/.m2/repository/org/apache/velocity/velocity-tools/2.0/velocity-tools-2.0.jar:/Users/shichao/.m2/repository/commons-chain/commons-chain/1.1/commons-chain-1.1.jar:/Users/shichao/.m2/repository/commons-validator/commons-validator/1.3.1/commons-validator-1.3.1.jar:/Users/shichao/.m2/repository/dom4j/dom4j/1.1/dom4j-1.1.jar:/Users/shichao/.m2/repository/oro/oro/2.0.8/oro-2.0.8.jar:/Users/shichao/.m2/repository/sslext/sslext/1.2-0/sslext-1.2-0.jar:/Users/shichao/.m2/repository/org/apache/struts/struts-core/1.3.8/struts-core-1.3.8.jar:/Users/shichao/.m2/repository/antlr/antlr/2.7.2/antlr-2.7.2.jar:/Users/shichao/.m2/repository/org/apache/struts/struts-taglib/1.3.8/struts-taglib-1.3.8.jar:/Users/shichao/.m2/repository/org/apache/struts/struts-tiles/1.3.8/struts-tiles-1.3.8.jar:/Users/shichao/.m2/repository/com/souche/optimus-orm/1.5.3/optimus-orm-1.5.3.jar:/Users/shichao/.m2/repository/org/postgresql/postgresql/9.4.1208.jre7/postgresql-9.4.1208.jre7.jar:/Users/shichao/.m2/repository/org/springframework/spring-tx/4.3.2.RELEASE/spring-tx-4.3.2.RELEASE.jar:/Users/shichao/.m2/repository/org/springframework/spring-jdbc/4.3.2.RELEASE/spring-jdbc-4.3.2.RELEASE.jar:/Users/shichao/.m2/repository/com/alibaba/druid/druid-wrapper/0.2.9/druid-wrapper-0.2.9.jar:/Users/shichao/.m2/repository/com/alibaba/druid/1.1.9/druid-1.1.9.jar:/Users/shichao/.m2/repository/org/mybatis/souche-mybatis/3.2.8.mod.1.5.4/souche-mybatis-3.2.8.mod.1.5.4.jar:/Users/shichao/.m2/repository/org/mybatis/mybatis-spring/1.2.2/mybatis-spring-1.2.2.jar:/Users/shichao/.m2/repository/mysql/mysql-connector-java/5.1.31/mysql-connector-java-5.1.31.jar:/Users/shichao/.m2/repository/com/souche/optimus-common/1.5.3/optimus-common-1.5.3.jar:/Users/shichao/.m2/repository/ch/qos/logback/logback-classic/1.1.7/logback-classic-1.1.7.jar:/Users/shichao/.m2/repository/ch/qos/logback/logback-core/1.1.7/logback-core-1.1.7.jar:/Users/shichao/.m2/repository/org/slf4j/slf4j-api/1.7.20/slf4j-api-1.7.20.jar:/Users/shichao/.m2/repository/com/google/guava/guava/15.0/guava-15.0.jar:/Users/shichao/.m2/repository/commons-beanutils/commons-beanutils/1.8.3/commons-beanutils-1.8.3.jar:/Users/shichao/.m2/repository/commons-lang/commons-lang/2.4/commons-lang-2.4.jar:/Users/shichao/.m2/repository/org/apache/commons/commons-lang3/3.3.2/commons-lang3-3.3.2.jar:/Users/shichao/.m2/repository/com/google/code/gson/gson/2.6.1/gson-2.6.1.jar:/Users/shichao/.m2/repository/org/apache/httpcomponents/fluent-hc/4.2.5/fluent-hc-4.2.5.jar:/Users/shichao/.m2/repository/com/belerweb/pinyin4j/2.5.0/pinyin4j-2.5.0.jar:/Users/shichao/.m2/repository/com/souche/qrcode/1.0.0/qrcode-1.0.0.jar:/Users/shichao/.m2/repository/com/souche/thirdpart/jmagick/6.2.6/jmagick-6.2.6.jar:/Users/shichao/.m2/repository/org/springframework/spring-beans/4.3.2.RELEASE/spring-beans-4.3.2.RELEASE.jar:/Users/shichao/.m2/repository/org/apache/poi/poi/3.11-beta2/poi-3.11-beta2.jar:/Users/shichao/.m2/repository/commons-codec/commons-codec/1.9/commons-codec-1.9.jar:/Users/shichao/.m2/repository/org/apache/poi/poi-ooxml/3.11-beta2/poi-ooxml-3.11-beta2.jar:/Users/shichao/.m2/repository/org/apache/poi/poi-ooxml-schemas/3.11-beta2/poi-ooxml-schemas-3.11-beta2.jar:/Users/shichao/.m2/repository/org/apache/xmlbeans/xmlbeans/2.6.0/xmlbeans-2.6.0.jar:/Users/shichao/.m2/repository/stax/stax-api/1.0.1/stax-api-1.0.1.jar:/Users/shichao/.m2/repository/org/aspectj/aspectjrt/1.9.2/aspectjrt-1.9.2.jar:/Users/shichao/.m2/repository/org/aspectj/aspectjweaver/1.9.2/aspectjweaver-1.9.2.jar:/Users/shichao/.m2/repository/junit/junit/4.11/junit-4.11.jar:/Users/shichao/.m2/repository/org/hamcrest/hamcrest-core/1.3/hamcrest-core-1.3.jar:/Users/shichao/.m2/repository/org/springframework/spring-context/5.1.5.RELEASE/spring-context-5.1.5.RELEASE.jar:/Users/shichao/.m2/repository/org/springframework/spring-core/5.1.5.RELEASE/spring-core-5.1.5.RELEASE.jar:/Users/shichao/.m2/repository/org/springframework/spring-jcl/5.1.5.RELEASE/spring-jcl-5.1.5.RELEASE.jar:/Users/shichao/.m2/repository/org/springframework/spring-expression/5.1.5.RELEASE/spring-expression-5.1.5.RELEASE.jar:/Users/shichao/.m2/repository/org/springframework/spring-aop/5.1.5.RELEASE/spring-aop-5.1.5.RELEASE.jar:/Users/shichao/.m2/repository/org/springframework/spring-test/5.1.5.RELEASE/spring-test-5.1.5.RELEASE.jar:"/>
    <property name="sun.cpu.endian" value="little"/>
    <property name="user.home" value="/Users/shichao"/>
    <property name="user.language" value="zh"/>
    <property name="java.specification.vendor" value="Oracle Corporation"/>
    <property name="java.home" value="/Library/Java/JavaVirtualMachines/jdk1.8.0_161.jdk/Contents/Home/jre"/>
    <property name="basedir" value="/Users/shichao/work/sql-analysis"/>
    <property name="file.separator" value="/"/>
    <property name="line.separator" value="&#10;"/>
    <property name="java.vm.specification.vendor" value="Oracle Corporation"/>
    <property name="java.specification.name" value="Java Platform API Specification"/>
    <property name="java.awt.graphicsenv" value="sun.awt.CGraphicsEnvironment"/>
    <property name="surefire.real.class.path" value="/Users/shichao/work/sql-analysis/target/surefire/surefirebooter230871350012601511.jar"/>
    <property name="sun.boot.class.path" value="/Library/Java/JavaVirtualMachines/jdk1.8.0_161.jdk/Contents/Home/jre/lib/resources.jar:/Library/Java/JavaVirtualMachines/jdk1.8.0_161.jdk/Contents/Home/jre/lib/rt.jar:/Library/Java/JavaVirtualMachines/jdk1.8.0_161.jdk/Contents/Home/jre/lib/sunrsasign.jar:/Library/Java/JavaVirtualMachines/jdk1.8.0_161.jdk/Contents/Home/jre/lib/jsse.jar:/Library/Java/JavaVirtualMachines/jdk1.8.0_161.jdk/Contents/Home/jre/lib/jce.jar:/Library/Java/JavaVirtualMachines/jdk1.8.0_161.jdk/Contents/Home/jre/lib/charsets.jar:/Library/Java/JavaVirtualMachines/jdk1.8.0_161.jdk/Contents/Home/jre/lib/jfr.jar:/Library/Java/JavaVirtualMachines/jdk1.8.0_161.jdk/Contents/Home/jre/classes"/>
    <property name="sun.management.compiler" value="HotSpot 64-Bit Tiered Compilers"/>
    <property name="ftp.nonProxyHosts" value="local„ÄÅ169.254/16|*.local„ÄÅ169.254/16"/>
    <property name="java.runtime.version" value="1.8.0_161-b12"/>
    <property name="user.name" value="shichao"/>
    <property name="path.separator" value=":"/>
    <property name="os.version" value="10.13.6"/>
    <property name="java.endorsed.dirs" value="/Library/Java/JavaVirtualMachines/jdk1.8.0_161.jdk/Contents/Home/jre/lib/endorsed"/>
    <property name="java.runtime.name" value="Java(TM) SE Runtime Environment"/>
    <property name="file.encoding" value="UTF-8"/>
    <property name="java.vm.name" value="Java HotSpot(TM) 64-Bit Server VM"/>
    <property name="localRepository" value="/Users/shichao/.m2/repository"/>
    <property name="java.vendor.url.bug" value="http://bugreport.sun.com/bugreport/"/>
    <property name="java.io.tmpdir" value="/var/folders/b7/1byvc7356q558hfny1m99g440000gn/T/"/>
    <property name="idea.version" value="2018.1"/>
    <property name="java.version" value="1.8.0_161"/>
    <property name="user.dir" value="/Users/shichao/work/sql-analysis"/>
    <property name="os.arch" value="x86_64"/>
    <property name="java.vm.specification.name" value="Java Virtual Machine Specification"/>
    <property name="java.awt.printerjob" value="sun.lwawt.macosx.CPrinterJob"/>
    <property name="sun.os.patch.level" value="unknown"/>
    <property name="java.library.path" value="/Users/shichao/Library/Java/Extensions:/Library/Java/Extensions:/Network/Library/Java/Extensions:/System/Library/Java/Extensions:/usr/lib/java:."/>
    <property name="java.vm.info" value="mixed mode"/>
    <property name="java.vendor" value="Oracle Corporation"/>
    <property name="java.vm.version" value="25.161-b12"/>
    <property name="java.ext.dirs" value="/Users/shichao/Library/Java/Extensions:/Library/Java/JavaVirtualMachines/jdk1.8.0_161.jdk/Contents/Home/jre/lib/ext:/Library/Java/Extensions:/Network/Library/Java/Extensions:/System/Library/Java/Extensions:/usr/lib/java"/>
    <property name="sun.io.unicode.encoding" value="UnicodeBig"/>
    <property name="java.class.version" value="52.0"/>
    <property name="socksNonProxyHosts" value="local„ÄÅ169.254/16|*.local„ÄÅ169.254/16"/>
  </properties>
  <testcase name="shouldAnswerWithTrue" classname="com.souche.AppTest" time="0.002"/>
</testsuite>